20:09:11.847 [main] DEBUG com.intuit.karate.Suite - [config] classpath:karate-config.js
20:09:11.904 [main] INFO  c.intuit.karate.core.FeatureRuntime - found scenario at line: 16 - ^Creacion de usuario\.$
20:09:13.640 [main] INFO  c.intuit.karate.core.FeatureRuntime - found scenario at line: 16 - ^Creacion de usuario\.$
20:09:14.411 [main] DEBUG com.intuit.karate - request:
1 > POST https://petstore.swagger.io/v2/store/order
1 > Accept: application/json
1 > Content-Type: application/json; charset=UTF-8
1 > Content-Length: 111
1 > Host: petstore.swagger.io
1 > Connection: Keep-Alive
1 > User-Agent: Apache-HttpClient/4.5.13 (Java/21.0.6)
1 > Accept-Encoding: gzip,deflate
{"id":"1","petId":"1","quantity":"1","shipDate":"2025-05-03T03:59:53.860Z","status":"placed","complete":"true"}

20:09:15.346 [main] DEBUG com.intuit.karate - response time in milliseconds: 930
1 < 200
1 < Date: Mon, 12 May 2025 01:09:17 GMT
1 < Content-Type: application/json
1 < Transfer-Encoding: chunked
1 < Connection: keep-alive
1 < Access-Control-Allow-Origin: *
1 < Access-Control-Allow-Methods: GET, POST, DELETE, PUT
1 < Access-Control-Allow-Headers: Content-Type, api_key, Authorization
1 < Server: Jetty(9.2.9.v20150224)
{"id":1,"petId":1,"quantity":1,"shipDate":"2025-05-03T03:59:53.860+0000","status":"placed","complete":true}

20:09:17.037 [main] INFO  com.intuit.karate.Suite - <<pass>> feature 1 of 1 (0 remaining) src/test/java/bdd/product/medotopostdd.feature
